
mat_depth_with_warping:0(12) : error C0000: syntax error, unexpected floating point constant, expecting ',' or ')' at token "<float-const>"

mat_depth_with_warping:0(12) : error C0000: syntax error, unexpected floating point constant, expecting ',' or ')' at token "<float-const>"

mat_depth_with_warping:0(12) : error C0000: syntax error, unexpected floating point constant, expecting ',' or ')' at token "<float-const>"

mat_depth_with_warping:0(12) : error C0000: syntax error, unexpected floating point constant, expecting ',' or ')' at token "<float-const>"

mat_depth_with_warping:0(12) : error C0000: syntax error, unexpected floating point constant, expecting ',' or ')' at token "<float-const>"

show_depth_omni:0(12) : error C1008: undefined variable "showDepth_omniShadowA"

mat_debug_draw:0(29) : error C1008: undefined variable "in_CutMatrix"

mat_debug_draw:0(25) : error C0000: syntax error, unexpected identifier, expecting ',' or ';' at token "cam_position"

mat_debug_draw:0(26) : error C1008: undefined variable "POLY_OFFSET"

mat_debug_draw:0(25) : error C0000: syntax error, unexpected identifier, expecting ',' or ';' at token "cam_position"

_mat_default_shadow_omni_tess:(0) : error C0000: syntax error, unexpected $end at token "<EOF>"

_mat_default_shadow_omni_tess:(0) : error C0000: syntax error, unexpected $end at token "<EOF>"

_mat_default_shadow_omni_tess:(0) : error C0000: syntax error, unexpected $end at token "<EOF>"

_mat_default_shadow_omni_tess:(0) : error C0000: syntax error, unexpected $end at token "<EOF>"

_mat_default_shadow_omni_tess:(0) : error C0000: syntax error, unexpected $end at token "<EOF>"

_mat_default_shadow_omni_tess:(0) : error C0000: syntax error, unexpected $end at token "<EOF>"

_mat_default_shadow_omni_tess:(0) : error C0000: syntax error, unexpected $end at token "<EOF>"

_mat_default_shadow_omni_tess:(0) : error C0000: syntax error, unexpected $end at token "<EOF>"

_mat_default_shadow_omni_tess:(0) : error C0000: syntax error, unexpected $end at token "<EOF>"

_mat_default_shadow_omni_tess:(0) : error C0000: syntax error, unexpected $end at token "<EOF>"

_mat_default_shadow_omni_tess:(0) : error C0000: syntax error, unexpected $end at token "<EOF>"

_mat_default_shadow_omni_tess:(0) : error C0000: syntax error, unexpected $end at token "<EOF>"

_mat_default_shadow_omni_tess:(0) : error C0000: syntax error, unexpected $end at token "<EOF>"

_mat_default_shadow_omni_tess:(0) : error C0000: syntax error, unexpected $end at token "<EOF>"

_mat_default_shadow_omni_tess:(0) : error C0000: syntax error, unexpected $end at token "<EOF>"

_mat_default_shadow_omni_tess:(0) : error C0000: syntax error, unexpected $end at token "<EOF>"

_mat_default_shadow_omni_tess:(0) : error C0000: syntax error, unexpected $end at token "<EOF>"

_mat_default_shadow_omni_tess:(0) : error C0000: syntax error, unexpected $end at token "<EOF>"

_mat_shadow_warp_tess:0(62) : error C1008: undefined variable "in_CutMatrix"
0(78) : error C1008: undefined variable "res"

_mat_shadow_warp_tess:(0) : error C0000: syntax error, unexpected $end at token "<EOF>"

_mat_shadow_warp_tess:(0) : error C0000: syntax error, unexpected $end at token "<EOF>"

_mat_shadow_warp_tess:(0) : error C0000: syntax error, unexpected $end at token "<EOF>"

_mat_shadow_warp_tess:(0) : error C0000: syntax error, unexpected $end at token "<EOF>"

mat_debug_draw_grid:(0) : error C0000: syntax error, unexpected $end, expecting "::" at token "<EOF>"

mat_debug_draw_grid:(0) : error C0000: syntax error, unexpected $end, expecting "::" at token "<EOF>"

mat_aliasgradient:0(18) : error C1008: undefined variable "a"

mat_aliasgradient:0(12) : error C7011: implicit cast from "float" to "vec4"

mat_aliasgradient:0(16) : error C0000: syntax error, unexpected integer constant, expecting ')' at token "<int-const>"

mat_compute_aliasError:0(88) : error C7011: implicit cast from "float" to "vec2"
0(88) : error C7011: implicit cast from "float" to "vec2"
0(88) : error C1033: cast not allowed

mat_compute_aliasError:0(87) : error C7011: implicit cast from "float" to "vec2"
0(87) : error C7011: implicit cast from "float" to "vec2"
0(87) : error C1019: scalar Boolean expression expected

mat_compute_aliasError:0(87) : error C1033: cast not allowed

mat_compute_aliasError:0(87) : error C1019: scalar Boolean expression expected

mat_compute_aliasError:0(87) : error C7011: implicit cast from "bvec2" to "vec2"
0(87) : error C7011: implicit cast from "bvec2" to "vec2"

mat_compute_aliasError:0(86) : error C7011: implicit cast from "bvec2" to "ivec2"
0(86) : error C7011: implicit cast from "bvec2" to "ivec2"
0(86) : error C1038: declaration of "b" conflicts with previous declaration at 0(21)
0(86) : error C1060: incompatible types in initialization
0(86) : error C1056: invalid initialization

mat_compute_aliasError:0(86) : error C1038: declaration of "b" conflicts with previous declaration at 0(21)
0(87) : error C7011: implicit cast from "bool" to "vec4"
0(87) : error C0000: syntax error, unexpected identifier, expecting ',' or ';' at token "out_FragMask"

mat_compute_aliasError:0(87) : error C0000: syntax error, unexpected identifier, expecting ',' or ';' at token "out_FragMask"

mat_camAndLightCoords_afterDP:0(17) : error C0000: syntax error, unexpected '=', expecting "::" at token "="

mat_compute_aliasError:0(6) : warning C7022: unrecognized profile specifier "q"
0(6) : error C0502: syntax error at token "q"

mat_compute_aliasError:0(6) : warning C7022: unrecognized profile specifier "q"
0(6) : error C0502: syntax error at token "q"

mat_compute_new_points:(0) : error C0000: syntax error, unexpected $end, expecting "::" at token "<EOF>"

mat_quad:0(11) : error C7011: implicit cast from "vec3" to "vec2"

mat_quad:0(11) : error C7011: implicit cast from "vec3" to "vec2"

mat_aliasgradient:0(13) : error C1008: undefined variable "ivec"
0(14) : error C1008: undefined variable "ivec"

mat_get_2Dfunc_values:0(14) : error C7011: implicit cast from "float" to "vec2"

mat_get_2Dfunc_values:0(14) : warning C7022: unrecognized profile specifier "glm"

mat_get_2Dfunc_values:0(14) : warning C7022: unrecognized profile specifier "glm"

mat_aliasblur_horiz:0(46) : warning C7022: unrecognized profile specifier "glm"

mat_depth_with_warping:0(69) : error C1008: undefined variable "coeffsX"
0(71) : error C1008: undefined variable "coeffsY"

mat_depth_with_warping:0(69) : error C1008: undefined variable "coeffsX"
0(71) : error C1008: undefined variable "coeffsY"

mat_depth_with_warping:0(23) : error C0105: Syntax error in #if
0(88) : error C0105: Syntax error in #if

mat_depth_with_warping:0(88) : error C0105: Syntax error in #if

mat_depth_with_warping:0(89) : error C1008: undefined variable "grid_res"

mat_depth_with_warping:0(89) : error C7011: implicit cast from "vec4" to "vec2"

mat_depth_with_warping:0(89) : error C7011: implicit cast from "vec4" to "vec2"

mat_depth_with_warping:0(89) : error C7011: implicit cast from "vec4" to "vec2"

mat_depth_with_warping:0(103) : warning C7022: unrecognized profile specifier "glm"
0(104) : warning C7022: unrecognized profile specifier "glm"

mat_depth_with_warping:0(15) : error C1008: undefined variable "ivec"

mat_depth_with_warping:0(16) : error C7011: implicit cast from "vec4" to "float"
0(17) : error C7011: implicit cast from "vec4" to "float"
0(18) : error C7011: implicit cast from "vec4" to "float"
0(19) : error C7011: implicit cast from "vec4" to "float"

mat_depth_with_warping:0(3) : error C0204: version directive must be first statement and may not be repeated

mat_depth_with_warping:0(2) : error C0204: version directive must be first statement and may not be repeated

mat_depth_with_warping:0(2) : error C0204: version directive must be first statement and may not be repeated

mat_depth_with_warping:0(2) : error C0204: version directive must be first statement and may not be repeated

mat_depth_with_warping:0(2) : error C0204: version directive must be first statement and may not be repeated

mat_depth_with_warping:0(2) : error C0204: version directive must be first statement and may not be repeated

mat_depth_with_warping:0(2) : error C0204: version directive must be first statement and may not be repeated

mat_get_2Dfunc_values:0(14) : error C1035: assignment of incompatible types

mat_depth_with_warping:0(109) : error C0000: syntax error, unexpected '.', expecting "::" at token "."

mat_depth_with_warping:0(108) : error C1115: unable to find compatible overloaded function "texelFetchOffset(sampler2D, vec2, int, ivec2)"
0(109) : error C1115: unable to find compatible overloaded function "texelFetchOffset(sampler2D, vec2, int, ivec2)"
0(110) : error C1115: unable to find compatible overloaded function "texelFetchOffset(sampler2D, vec2, int, ivec2)"
0(111) : error C1115: unable to find compatible overloaded function "texelFetchOffset(sampler2D, vec2, int, ivec2)"
0(120) : error C1115: unable to find compatible
mat_depth_with_warping:0(90) : error C7011: implicit cast from "vec2" to "ivec2"

mat_compute_aliasError:0(93) : error C1008: undefined variable "IsInsideFrustum"

mat_depth_with_warping:0(90) : error C0000: syntax error, unexpected '=', expecting "::" at token "="

mat_depth_with_warping:0(26) : warning C7022: unrecognized profile specifier "asfasd"
0(26) : error C0502: syntax error at token "asfasd"

mat_depth_with_warping:0(31) : warning C7022: unrecognized profile specifier "asdfasdf"
0(31) : error C0502: syntax error at token "asdfasdf"

mat_depth_with_warping:0(27) : error C7102: unmatched #endif

mat_depth_with_warping:0(32) : warning C7022: unrecognized profile specifier "asdfasd"
0(32) : error C0502: syntax error at token "asdfasd"

mat_depth_with_warping:0(217) : error C1015: void function cannot return a value

mat_depth_with_warping:0(217) : error C1015: void function cannot return a value

mat_depth_with_warping:0(221) : error C1008: undefined variable "f_values"

mat_camAndLightCoords_afterDP:0(24) : error C1035: assignment of incompatible types

mat_stencil_test:0(28) : error C7011: implicit cast from "vec4" to "vec2"

mat_stencil_test:0(28) : error C7011: implicit cast from "vec4" to "vec2"

mat_move_grid:(0) : error C0000: syntax error, unexpected $end, expecting "::" at token "<EOF>"

mat_move_grid:(0) : error C0000: syntax error, unexpected $end, expecting "::" at token "<EOF>"

mat_move_grid:0(8) : error C1035: assignment of incompatible types

mat_depth_with_warping:0(222) : error C7011: implicit cast from "vec4" to "vec2"

mat_depth_with_warping:0(229) : error C1035: assignment of incompatible types
